Error absoluto |Ax-x|: 2.6020852139652106e-18

real    0m0,094s
user    0m0,094s
sys     0m0,000s
0.6
0.00447577
0.00450289
0.00453046
0.00455849
0.00458698
0.00461595
0.00464541
0.00467538
0.00470587
0.0047369
0.00476848
0.00480063
0.00483336
0.00486669
0.00490065
0.00493524
0.00497049
0.00500642
0.00504305
0.00508041
0.00511851
0.00515739
0.00519706
0.00523756
0.00527891
0.00532114
0.00536428
0.00540837
0.00545344
0.00549953
0.00554667
0.0055949
0.00564426
0.00569481
0.00574658
0.00579963
0.005854
0.00590975
0.00596694
0.00602563
0.00608589
0.00614778
0.00621138
0.00627676
0.00634401
0.00641322
0.00648448
0.00655789
0.00663355
0.00671159
0.00679213
0.0068753
0.00696124
0.00705011
0.00714207
0.0072373
0.00733599
0.00743835
0.00754461
0.00765502
0.00776985
0.00788938
0.00801395
0.00814391
0.00827964
0.00842158
0.00857019
0.00872601
0.00888963
0.00906168
0.00924292
0.00943415
0.00963631
0.00985045
0.0100778
0.0103196
0.0105776
0.0108536
0.0111496
0.0114681
0.0118122
0.0121852
0.0125914
0.0130358
0.0135246
0.0140656
0.0146684
0.0153454
0.0161127
0.0169915
0.018011
0.0192118
0.0206527
0.0224229
0.0246652
0.027625
0.0317687
0.0381225
0.0495592
0.0792948
