Error absoluto |Ax-x|: 2.1684043449710089e-18

real    0m0,077s
user    0m0,077s
sys     0m0,000s
0.9
0.00244004
0.00246223
0.00248484
0.00250789
0.0025314
0.00255539
0.00257985
0.00260482
0.0026303
0.00265631
0.00268288
0.00271001
0.00273772
0.00276605
0.00279499
0.00282459
0.00285485
0.00288581
0.00291748
0.0029499
0.00298308
0.00301707
0.00305188
0.00308755
0.00312411
0.0031616
0.00320005
0.00323951
0.00328
0.00332158
0.00336428
0.00340817
0.00345327
0.00349966
0.00354738
0.0035965
0.00364708
0.00369918
0.00375288
0.00380825
0.00386537
0.00392433
0.00398523
0.00404815
0.00411321
0.00418052
0.0042502
0.00432237
0.00439718
0.00447478
0.00455532
0.00463899
0.00472597
0.00481647
0.00491071
0.00500892
0.00511137
0.00521836
0.00533018
0.00544718
0.00556974
0.00569828
0.00583324
0.00597513
0.0061245
0.00628199
0.00644828
0.00662414
0.00681045
0.00700817
0.00721841
0.00744243
0.00768165
0.00793771
0.00821248
0.00850813
0.00882718
0.00917259
0.00954783
0.00995703
0.0104051
0.010898
0.0114429
0.0120487
0.0127264
0.01349
0.0143572
0.0153512
0.0165025
0.0178527
0.0194594
0.0214054
0.0238135
0.0268752
0.0309065
0.0364697
0.0446754
0.058078
0.084213
0.160005
