Error absoluto |Ax-x|: 5.2041704279304213e-18

real    0m0,052s
user    0m0,052s
sys     0m0,000s
0.1
0.00901501
0.00902412
0.00903333
0.00904264
0.00905206
0.00906159
0.00907123
0.00908098
0.00909085
0.00910084
0.00911095
0.00912119
0.00913156
0.00914205
0.00915268
0.00916345
0.00917436
0.00918541
0.00919661
0.00920797
0.00921948
0.00923115
0.00924298
0.00925499
0.00926716
0.00927952
0.00929206
0.00930479
0.00931771
0.00933084
0.00934417
0.00935771
0.00937147
0.00938546
0.00939968
0.00941414
0.00942885
0.00944381
0.00945905
0.00947455
0.00949034
0.00950643
0.00952282
0.00953953
0.00955656
0.00957394
0.00959167
0.00960976
0.00962824
0.00964712
0.00966642
0.00968614
0.00970632
0.00972698
0.00974812
0.00976978
0.00979199
0.00981476
0.00983813
0.00986212
0.00988678
0.00991213
0.00993821
0.00996507
0.00999275
0.0100213
0.0100508
0.0100812
0.0101127
0.0101454
0.0101792
0.0102143
0.0102508
0.0102887
0.0103283
0.0103696
0.0104128
0.0104581
0.0105056
0.0105557
0.0106084
0.0106643
0.0107235
0.0107866
0.010854
0.0109264
0.0110044
0.0110891
0.0111815
0.0112831
0.011396
0.0115226
0.0116666
0.0118333
0.0120305
0.0122711
0.0125779
0.0129971
0.013647
0.0150117
