Error absoluto |Ax-x|: 3.4694469519536142e-18

real    0m0,093s
user    0m0,089s
sys     0m0,004s
0.2
0.00804398
0.00806023
0.00807668
0.00809333
0.00811019
0.00812727
0.00814456
0.00816207
0.00817982
0.00819779
0.00821601
0.00823447
0.00825319
0.00827216
0.0082914
0.00831091
0.0083307
0.00835077
0.00837114
0.00839181
0.00841279
0.00843409
0.00845571
0.00847767
0.00849998
0.00852265
0.00854568
0.0085691
0.0085929
0.00861711
0.00864173
0.00866677
0.00869227
0.00871821
0.00874463
0.00877154
0.00879895
0.00882688
0.00885536
0.00888439
0.008914
0.00894422
0.00897506
0.00900655
0.00903872
0.00907159
0.00910519
0.00913955
0.0091747
0.00921068
0.00924752
0.00928527
0.00932395
0.00936363
0.00940434
0.00944614
0.00948908
0.00953321
0.00957861
0.00962533
0.00967346
0.00972307
0.00977424
0.00982707
0.00988167
0.00993814
0.0099966
0.0100572
0.01012
0.0101853
0.0102532
0.0103239
0.0103977
0.0104747
0.0105553
0.0106397
0.0107284
0.0108217
0.0109201
0.0110241
0.0111343
0.0112515
0.0113765
0.0115104
0.0116542
0.0118096
0.0119783
0.0121626
0.0123653
0.0125902
0.012842
0.0131273
0.0134555
0.01384
0.0143013
0.0148733
0.015617
0.0166581
0.018324
0.0219888
