Error absoluto |Ax-x|: 2.6020852139652106e-18

real    0m0,050s
user    0m0,050s
sys     0m0,000s
0.5
0.00529857
0.00532533
0.0053525
0.00538009
0.00540811
0.00543657
0.00546549
0.00549487
0.00552474
0.00555509
0.00558595
0.00561734
0.00564925
0.00568172
0.00571475
0.00574837
0.00578259
0.00581742
0.00585289
0.00588902
0.00592583
0.00596333
0.00600156
0.00604053
0.00608027
0.00612081
0.00616216
0.00620437
0.00624746
0.00629145
0.00633639
0.00638231
0.00642924
0.00647722
0.00652629
0.00657649
0.00662787
0.00668047
0.00673434
0.00678954
0.00684612
0.00690414
0.00696366
0.00702474
0.00708746
0.0071519
0.00721812
0.00728621
0.00735627
0.00742839
0.00750268
0.00757923
0.00765818
0.00773965
0.00782378
0.00791071
0.00800061
0.00809364
0.00818999
0.00828987
0.00839349
0.0085011
0.00861296
0.00872935
0.00885059
0.00897703
0.00910904
0.00924706
0.00939154
0.00954302
0.00970207
0.00986935
0.0100456
0.0102316
0.0104284
0.0106369
0.0108585
0.0110946
0.0113468
0.0116169
0.0119073
0.0122207
0.0125601
0.0129296
0.0133336
0.0137781
0.0142701
0.014819
0.0154365
0.0161381
0.016945
0.0178864
0.0190043
0.0203618
0.0220586
0.0242644
0.0272975
0.0318471
0.0398088
0.0597132
