Error absoluto |Ax-x|: 0

real    0m0,053s
user    0m0,053s
sys     0m0,000s
0.7
0.00371889
0.00374519
0.00377194
0.00379916
0.00382686
0.00385506
0.00388377
0.003913
0.00394277
0.0039731
0.00400401
0.0040355
0.0040676
0.00410033
0.0041337
0.00416774
0.00420247
0.00423792
0.00427409
0.00431103
0.00434875
0.00438729
0.00442666
0.0044669
0.00450804
0.00455012
0.00459316
0.0046372
0.00468229
0.00472845
0.00477574
0.00482419
0.00487385
0.00492477
0.004977
0.0050306
0.00508562
0.00514213
0.00520018
0.00525986
0.00532122
0.00538436
0.00544934
0.00551626
0.00558521
0.0056563
0.00572962
0.0058053
0.00588344
0.0059642
0.0060477
0.00613409
0.00622355
0.00631624
0.00641235
0.0065121
0.0066157
0.0067234
0.00683546
0.00695216
0.00707382
0.00720079
0.00733344
0.00747218
0.00761747
0.00776982
0.00792978
0.00809799
0.00827514
0.00846199
0.00865944
0.00886846
0.00909017
0.00932584
0.00957692
0.00984508
0.0101322
0.0104406
0.0107728
0.0111319
0.0115215
0.011946
0.0124106
0.0129216
0.0134869
0.0141163
0.0148221
0.0156202
0.0165314
0.0175834
0.0188142
0.0202775
0.0220518
0.024257
0.027087
0.0308792
0.036283
0.0447491
0.0604113
0.102699
