Error absoluto |Ax-x|: 8.6736173798840355e-19

real    0m0,081s
user    0m0,081s
sys     0m0,000s
0.8
0.00303802
0.00306257
0.00308757
0.00311303
0.00313897
0.00316541
0.00319235
0.00321981
0.00324781
0.00327636
0.00330548
0.00333519
0.00336551
0.00339646
0.00342806
0.00346032
0.00349328
0.00352695
0.00356135
0.00359653
0.00363249
0.00366928
0.00370691
0.00374543
0.00378485
0.00382522
0.00386658
0.00390895
0.00395238
0.00399692
0.0040426
0.00408947
0.00413758
0.00418698
0.00423773
0.00428989
0.00434351
0.00439867
0.00445543
0.00451386
0.00457404
0.00463606
0.00470001
0.00476597
0.00483406
0.00490437
0.00497703
0.00505216
0.00512988
0.00521035
0.00529372
0.00538014
0.00546981
0.00556292
0.00565966
0.00576028
0.00586501
0.00597413
0.00608792
0.00620671
0.00633084
0.00646071
0.00659672
0.00673935
0.00688912
0.00704658
0.00721238
0.00738723
0.00757191
0.00776731
0.00797444
0.00819443
0.00842855
0.00867829
0.00894531
0.00923156
0.00953928
0.00987108
0.01023
0.0106197
0.0110445
0.0115096
0.0120211
0.0125868
0.0132161
0.013921
0.0147165
0.0156221
0.0166636
0.0178755
0.0193055
0.0210216
0.0231237
0.0257665
0.029202
0.0338743
0.0406492
0.0514889
0.0720845
0.129752
