Error absoluto |Ax-x|: 1.7347234759768071e-18

real    0m0,049s
user    0m0,049s
sys     0m0,000s
0.4
0.00617545
0.0062004
0.00622571
0.00625138
0.00627743
0.00630386
0.00633069
0.00635791
0.00638556
0.00641363
0.00644213
0.00647108
0.0065005
0.00653039
0.00656076
0.00659163
0.00662302
0.00665494
0.0066874
0.00672043
0.00675403
0.00678823
0.00682304
0.00685848
0.00689458
0.00693135
0.00696882
0.007007
0.00704593
0.00708563
0.00712612
0.00716743
0.00720959
0.00725263
0.00729659
0.00734149
0.00738737
0.00743428
0.00748224
0.0075313
0.00758151
0.00763291
0.00768555
0.00773949
0.00779477
0.00785146
0.00790962
0.00796931
0.00803062
0.0080936
0.00815835
0.00822495
0.00829349
0.00836407
0.0084368
0.0085118
0.00858918
0.00866908
0.00875164
0.00883702
0.00892539
0.00901693
0.00911185
0.00921036
0.00931269
0.00941912
0.00952994
0.00964545
0.00976602
0.00989203
0.0100239
0.0101622
0.0103074
0.0104601
0.010621
0.0107909
0.0109708
0.0111616
0.0113645
0.011581
0.0118126
0.0120613
0.0123293
0.0126194
0.0129349
0.0132798
0.0136592
0.0140795
0.0145488
0.0150779
0.015681
0.0163779
0.0171968
0.0181795
0.0193915
0.0209428
0.0230371
0.0261087
0.0313304
0.0438626
