Error absoluto |Ax-x|: 4.3368086899420177e-18

real    0m0,098s
user    0m0,097s
sys     0m0,000s
0.3
0.00709431
0.00711581
0.00713759
0.00715967
0.00718204
0.00720472
0.00722771
0.00725103
0.00727467
0.00729866
0.00732298
0.00734767
0.00737272
0.00739814
0.00742395
0.00745015
0.00747676
0.00750378
0.00753124
0.00755913
0.00758748
0.00761629
0.00764558
0.00767537
0.00770567
0.00773649
0.00776785
0.00779978
0.00783228
0.00786537
0.00789908
0.00793342
0.00796842
0.0080041
0.00804048
0.00807759
0.00811546
0.0081541
0.00819356
0.00823386
0.00827502
0.0083171
0.00836012
0.00840412
0.00844914
0.00849523
0.00854243
0.00859078
0.00864034
0.00869117
0.00874331
0.00879684
0.00885182
0.00890832
0.00896642
0.0090262
0.00908774
0.00915114
0.00921651
0.00928395
0.00935358
0.00942553
0.00949994
0.00957697
0.00965677
0.00973955
0.00982548
0.00991481
0.0100078
0.0101046
0.0102057
0.0103112
0.0104217
0.0105375
0.0106591
0.010787
0.0109218
0.0110643
0.0112152
0.0113754
0.011546
0.0117283
0.0119238
0.0121342
0.0123617
0.012609
0.0128792
0.0131764
0.0135058
0.0138741
0.0142903
0.0147667
0.0153204
0.015977
0.0167759
0.0177824
0.0191161
0.0210277
0.0241819
0.0314365
