Error absoluto |Ax-x|: 8.6736173798840355e-19

real    0m0,272s
user    0m0,271s
sys     0m0,000s
0.6
0.00217535
0.00218191
0.00218852
0.00219519
0.00220191
0.00220868
0.00221551
0.0022224
0.00222934
0.00223635
0.00224341
0.00225053
0.00225771
0.00226496
0.00227227
0.00227963
0.00228707
0.00229457
0.00230213
0.00230976
0.00231746
0.00232523
0.00233307
0.00234098
0.00234896
0.00235701
0.00236514
0.00237334
0.00238162
0.00238998
0.00239841
0.00240693
0.00241552
0.0024242
0.00243296
0.00244181
0.00245074
0.00245977
0.00246888
0.00247808
0.00248737
0.00249676
0.00250624
0.00251581
0.00252549
0.00253527
0.00254514
0.00255513
0.00256521
0.0025754
0.00258571
0.00259612
0.00260664
0.00261728
0.00262804
0.00263891
0.00264991
0.00266103
0.00267227
0.00268364
0.00269514
0.00270678
0.00271855
0.00273045
0.0027425
0.00275469
0.00276702
0.0027795
0.00279214
0.00280493
0.00281787
0.00283098
0.00284425
0.00285769
0.00287129
0.00288508
0.00289904
0.00291318
0.00292751
0.00294202
0.00295673
0.00297164
0.00298675
0.00300207
0.0030176
0.00303334
0.0030493
0.00306549
0.00308192
0.00309858
0.00311548
0.00313263
0.00315003
0.00316769
0.00318562
0.00320383
0.00322231
0.00324108
0.00326015
0.00327951
0.00329919
0.00331919
0.00333951
0.00336017
0.00338117
0.00340252
0.00342424
0.00344633
0.00346881
0.00349168
0.00351496
0.00353865
0.00356278
0.00358735
0.00361238
0.00363788
0.00366386
0.00369035
0.00371735
0.00374489
0.00377297
0.00380163
0.00383087
0.00386072
0.0038912
0.00392233
0.00395414
0.00398663
0.00401986
0.00405383
0.00408857
0.00412413
0.00416052
0.00419778
0.00423594
0.00427504
0.00431512
0.00435621
0.00439837
0.00444163
0.00448605
0.00453167
0.00457855
0.00462674
0.00467632
0.00472733
0.00477986
0.00483397
0.00488974
0.00494727
0.00500664
0.00506794
0.00513129
0.0051968
0.00526458
0.00533478
0.00540752
0.00548298
0.00556131
0.00564269
0.00572733
0.00581545
0.00590727
0.00600306
0.00610311
0.00620774
0.00631729
0.00643215
0.00655275
0.00667958
0.00681317
0.00695413
0.00710315
0.00726099
0.00742856
0.00760684
0.00779701
0.00800041
0.0082186
0.00845342
0.00870702
0.00898198
0.00928138
0.00960896
0.0099693
0.0103681
0.0108124
0.0113114
0.011877
0.0125249
0.0132764
0.0141614
0.0152235
0.0165284
0.0181813
0.020363
0.0234175
0.028101
0.0365313
0.05845
