0.3
0.00352889
0.00353421
0.00353957
0.00354496
0.00355038
0.00355585
0.00356134
0.00356688
0.00357245
0.00357806
0.00358371
0.0035894
0.00359513
0.0036009
0.00360671
0.00361255
0.00361844
0.00362438
0.00363035
0.00363637
0.00364243
0.00364853
0.00365468
0.00366088
0.00366712
0.0036734
0.00367974
0.00368612
0.00369255
0.00369903
0.00370555
0.00371213
0.00371876
0.00372544
0.00373217
0.00373896
0.0037458
0.00375269
0.00375964
0.00376665
0.00377371
0.00378083
0.00378801
0.00379525
0.00380255
0.00380991
0.00381733
0.00382481
0.00383236
0.00383998
0.00384766
0.0038554
0.00386322
0.0038711
0.00387906
0.00388708
0.00389518
0.00390335
0.0039116
0.00391992
0.00392832
0.0039368
0.00394536
0.003954
0.00396272
0.00397152
0.00398042
0.00398939
0.00399846
0.00400762
0.00401687
0.00402621
0.00403564
0.00404518
0.00405481
0.00406454
0.00407437
0.00408431
0.00409435
0.00410451
0.00411477
0.00412514
0.00413563
0.00414623
0.00415696
0.0041678
0.00417877
0.00418986
0.00420108
0.00421244
0.00422393
0.00423555
0.00424732
0.00425923
0.00427128
0.00428348
0.00429584
0.00430835
0.00432102
0.00433386
0.00434686
0.00436003
0.00437338
0.00438691
0.00440061
0.00441451
0.0044286
0.00444289
0.00445737
0.00447207
0.00448698
0.0045021
0.00451745
0.00453303
0.00454884
0.00456489
0.0045812
0.00459775
0.00461458
0.00463167
0.00464904
0.00466669
0.00468464
0.00470289
0.00472145
0.00474034
0.00475956
0.00477912
0.00479903
0.00481931
0.00483996
0.00486101
0.00488245
0.00490431
0.00492661
0.00494934
0.00497254
0.00499622
0.0050204
0.00504509
0.00507031
0.0050961
0.00512245
0.00514941
0.005177
0.00520524
0.00523416
0.00526378
0.00529415
0.00532529
0.00535725
0.00539005
0.00542373
0.00545835
0.00549395
0.00553058
0.00556829
0.00560713
0.00564719
0.00568851
0.00573117
0.00577526
0.00582085
0.00586805
0.00591695
0.00596766
0.00602032
0.00607505
0.006132
0.00619134
0.00625326
0.00631795
0.00638564
0.00645659
0.00653109
0.00660946
0.00669208
0.00677937
0.00687182
0.00696998
0.00707453
0.00718624
0.00730601
0.00743494
0.00757434
0.00772583
0.00789138
0.00807349
0.00827533
0.00850102
0.00875605
0.00904792
0.00938722
0.00978952
0.010279
0.0108957
0.0117129
0.0128842
0.0148168
0.0192619
