Error absoluto |Ax-x|: 4.3368086899420177e-19

real    0m0,285s
user    0m0,273s
sys     0m0,012s
0.5
0.00260381
0.00261035
0.00261695
0.00262359
0.00263028
0.00263703
0.00264382
0.00265067
0.00265757
0.00266453
0.00267154
0.00267861
0.00268573
0.00269292
0.00270015
0.00270745
0.00271481
0.00272223
0.00272971
0.00273725
0.00274485
0.00275252
0.00276025
0.00276805
0.00277591
0.00278384
0.00279184
0.00279991
0.00280805
0.00281626
0.00282454
0.0028329
0.00284133
0.00284984
0.00285842
0.00286708
0.00287582
0.00288465
0.00289355
0.00290253
0.00291161
0.00292076
0.00293
0.00293934
0.00294876
0.00295827
0.00296787
0.00297757
0.00298737
0.00299726
0.00300725
0.00301734
0.00302753
0.00303783
0.00304824
0.00305875
0.00306937
0.0030801
0.00309095
0.00310191
0.00311298
0.00312418
0.0031355
0.00314695
0.00315851
0.00317021
0.00318204
0.003194
0.0032061
0.00321834
0.00323072
0.00324324
0.00325591
0.00326873
0.0032817
0.00329483
0.00330811
0.00332156
0.00333517
0.00334895
0.00336291
0.00337704
0.00339135
0.00340584
0.00342052
0.00343539
0.00345046
0.00346573
0.0034812
0.00349688
0.00351278
0.00352889
0.00354523
0.00356179
0.00357859
0.00359563
0.00361292
0.00363046
0.00364826
0.00366632
0.00368465
0.00370326
0.00372215
0.00374134
0.00376082
0.00378062
0.00380073
0.00382116
0.00384193
0.00386304
0.0038845
0.00390632
0.00392852
0.0039511
0.00397407
0.00399744
0.00402124
0.00404546
0.00407013
0.00409525
0.00412085
0.00414693
0.00417351
0.00420061
0.00422825
0.00425644
0.0042852
0.00431455
0.00434451
0.00437511
0.00440636
0.00443829
0.00447092
0.00450429
0.00453841
0.00457332
0.00460905
0.00464563
0.00468309
0.00472148
0.00476083
0.00480117
0.00484256
0.00488504
0.00492866
0.00497346
0.00501951
0.00506687
0.00511559
0.00516574
0.0052174
0.00527064
0.00532554
0.00538219
0.0054407
0.00550115
0.00556366
0.00562835
0.00569536
0.00576481
0.00583687
0.00591171
0.00598949
0.00607043
0.00615474
0.00624267
0.00633447
0.00643045
0.00653092
0.00663626
0.00674687
0.00686319
0.00698575
0.00711511
0.00725194
0.00739698
0.00755109
0.00771524
0.00789059
0.00807846
0.00828042
0.00849832
0.00873439
0.00899128
0.00927226
0.00958134
0.00992353
0.0103052
0.0107346
0.0112225
0.0117836
0.0124383
0.0132157
0.0141597
0.0153396
0.0168736
0.0189828
0.0221466
0.0276832
0.0415249
