Error absoluto |Ax-x|: 3.4694469519536142e-18

real    0m0,307s
user    0m0,302s
sys     0m0,004s
0.1
0.00450402
0.00450628
0.00450856
0.00451085
0.00451315
0.00451546
0.00451779
0.00452013
0.00452249
0.00452485
0.00452724
0.00452963
0.00453204
0.00453446
0.0045369
0.00453935
0.00454182
0.0045443
0.0045468
0.00454931
0.00455184
0.00455438
0.00455694
0.00455952
0.00456211
0.00456471
0.00456734
0.00456998
0.00457263
0.00457531
0.004578
0.00458071
0.00458343
0.00458618
0.00458894
0.00459172
0.00459452
0.00459734
0.00460018
0.00460304
0.00460591
0.00460881
0.00461173
0.00461466
0.00461762
0.0046206
0.0046236
0.00462662
0.00462967
0.00463273
0.00463582
0.00463893
0.00464207
0.00464523
0.00464841
0.00465161
0.00465484
0.0046581
0.00466138
0.00466469
0.00466802
0.00467138
0.00467476
0.00467817
0.00468161
0.00468508
0.00468858
0.0046921
0.00469566
0.00469924
0.00470286
0.0047065
0.00471018
0.00471389
0.00471763
0.0047214
0.00472521
0.00472905
0.00473293
0.00473684
0.00474079
0.00474477
0.00474879
0.00475285
0.00475695
0.00476108
0.00476526
0.00476948
0.00477374
0.00477804
0.00478238
0.00478677
0.0047912
0.00479568
0.0048002
0.00480477
0.00480939
0.00481406
0.00481878
0.00482355
0.00482838
0.00483325
0.00483819
0.00484317
0.00484822
0.00485332
0.00485849
0.00486371
0.004869
0.00487435
0.00487976
0.00488525
0.0048908
0.00489642
0.00490211
0.00490788
0.00491372
0.00491964
0.00492564
0.00493172
0.00493789
0.00494414
0.00495048
0.00495691
0.00496343
0.00497005
0.00497676
0.00498358
0.0049905
0.00499753
0.00500467
0.00501192
0.00501929
0.00502679
0.0050344
0.00504215
0.00505003
0.00505804
0.0050662
0.0050745
0.00508296
0.00509158
0.00510036
0.0051093
0.00511843
0.00512773
0.00513723
0.00514692
0.00515682
0.00516693
0.00517727
0.00518783
0.00519864
0.0052097
0.00522103
0.00523263
0.00524452
0.00525672
0.00526923
0.00528208
0.00529529
0.00530887
0.00532284
0.00533722
0.00535205
0.00536734
0.00538313
0.00539944
0.00541631
0.00543379
0.0054519
0.0054707
0.00549024
0.00551057
0.00553176
0.00555389
0.00557703
0.00560128
0.00562674
0.00565354
0.0056818
0.00571171
0.00574344
0.00577722
0.00581333
0.00585209
0.00589389
0.00593923
0.00598872
0.00604316
0.00610359
0.00617141
0.00624855
0.00633782
0.00644345
0.00657232
0.00673663
0.00696118
0.00730924
0.00804016
