Error absoluto |Ax-x|: 4.3368086899420177e-19

real    0m0,293s
user    0m0,287s
sys     0m0,004s
0.4
0.00305734
0.00306349
0.00306968
0.00307591
0.00308219
0.00308851
0.00309488
0.00310129
0.00310775
0.00311426
0.00312082
0.00312742
0.00313408
0.00314078
0.00314753
0.00315434
0.0031612
0.00316811
0.00317507
0.00318209
0.00318916
0.00319628
0.00320347
0.00321071
0.003218
0.00322536
0.00323277
0.00324025
0.00324778
0.00325538
0.00326304
0.00327076
0.00327855
0.0032864
0.00329432
0.00330231
0.00331036
0.00331849
0.00332668
0.00333495
0.00334328
0.00335169
0.00336018
0.00336874
0.00337738
0.00338609
0.00339489
0.00340376
0.00341272
0.00342176
0.00343089
0.0034401
0.00344939
0.00345878
0.00346826
0.00347782
0.00348749
0.00349724
0.00350709
0.00351704
0.00352709
0.00353724
0.00354749
0.00355785
0.00356831
0.00357889
0.00358957
0.00360037
0.00361128
0.0036223
0.00363345
0.00364472
0.00365611
0.00366762
0.00367926
0.00369104
0.00370294
0.00371499
0.00372717
0.00373949
0.00375195
0.00376456
0.00377733
0.00379024
0.00380331
0.00381654
0.00382993
0.00384349
0.00385721
0.00387111
0.00388519
0.00389945
0.00391389
0.00392852
0.00394335
0.00395837
0.00397359
0.00398902
0.00400467
0.00402053
0.00403661
0.00405292
0.00406946
0.00408624
0.00410327
0.00412055
0.00413808
0.00415588
0.00417395
0.00419229
0.00421093
0.00422985
0.00424908
0.00426861
0.00428847
0.00430865
0.00432917
0.00435003
0.00437125
0.00439284
0.0044148
0.00443715
0.00445991
0.00448308
0.00450667
0.00453071
0.0045552
0.00458016
0.0046056
0.00463155
0.00465802
0.00468502
0.00471258
0.00474071
0.00476944
0.0047988
0.00482879
0.00485945
0.0048908
0.00492287
0.00495569
0.00498929
0.00502369
0.00505895
0.00509508
0.00513214
0.00517016
0.00520918
0.00524925
0.00529042
0.00533274
0.00537627
0.00542107
0.00546721
0.00551475
0.00556377
0.00561435
0.00566658
0.00572055
0.00577636
0.00583412
0.00589396
0.005956
0.00602039
0.00608728
0.00615685
0.00622928
0.00630479
0.0063836
0.00646597
0.00655218
0.00664256
0.00673745
0.00683726
0.00694245
0.00705353
0.00717109
0.00729581
0.00742846
0.00756995
0.00772135
0.0078839
0.0080591
0.00824873
0.00845495
0.00868041
0.00892842
0.00920314
0.00950992
0.00985573
0.01025
0.0107055
0.0112408
0.0118831
0.0126753
0.0136894
0.0150583
0.0170661
0.0204793
0.028671
