Error absoluto |Ax-x|: 0

real    0m0,312s
user    0m0,307s
sys     0m0,005s
0.2
0.0040126
0.00401664
0.00402069
0.00402478
0.00402888
0.00403302
0.00403717
0.00404136
0.00404557
0.0040498
0.00405407
0.00405836
0.00406267
0.00406702
0.00407139
0.00407579
0.00408022
0.00408468
0.00408917
0.00409369
0.00409824
0.00410282
0.00410743
0.00411207
0.00411674
0.00412145
0.00412618
0.00413095
0.00413576
0.00414059
0.00414547
0.00415037
0.00415531
0.00416029
0.0041653
0.00417035
0.00417544
0.00418056
0.00418572
0.00419092
0.00419616
0.00420144
0.00420675
0.00421211
0.00421751
0.00422296
0.00422844
0.00423397
0.00423954
0.00424515
0.00425081
0.00425652
0.00426227
0.00426807
0.00427392
0.00427981
0.00428576
0.00429175
0.0042978
0.00430389
0.00431004
0.00431624
0.0043225
0.00432881
0.00433517
0.0043416
0.00434808
0.00435461
0.00436121
0.00436787
0.00437459
0.00438137
0.00438822
0.00439513
0.00440211
0.00440915
0.00441626
0.00442344
0.00443069
0.00443802
0.00444541
0.00445288
0.00446043
0.00446806
0.00447576
0.00448354
0.00449141
0.00449936
0.00450739
0.00451551
0.00452372
0.00453203
0.00454042
0.0045489
0.00455749
0.00456617
0.00457495
0.00458383
0.00459282
0.00460192
0.00461112
0.00462043
0.00462986
0.00463941
0.00464908
0.00465886
0.00466878
0.00467882
0.00468899
0.00469929
0.00470974
0.00472032
0.00473105
0.00474192
0.00475295
0.00476413
0.00477548
0.00478698
0.00479866
0.00481051
0.00482254
0.00483474
0.00484714
0.00485973
0.00487252
0.00488551
0.00489872
0.00491214
0.00492578
0.00493966
0.00495377
0.00496813
0.00498274
0.00499762
0.00501276
0.00502818
0.0050439
0.00505991
0.00507623
0.00509288
0.00510985
0.00512717
0.00514485
0.00516291
0.00518134
0.00520019
0.00521945
0.00523914
0.00525929
0.00527992
0.00530104
0.00532267
0.00534485
0.0053676
0.00539093
0.00541489
0.00543951
0.00546481
0.00549083
0.00551761
0.0055452
0.00557364
0.00560297
0.00563326
0.00566456
0.00569692
0.00573044
0.00576517
0.0058012
0.00583863
0.00587755
0.00591808
0.00596036
0.00600451
0.0060507
0.0060991
0.00614993
0.0062034
0.0062598
0.00631942
0.00638261
0.0064498
0.00652146
0.00659818
0.00668066
0.00676974
0.00686645
0.00697208
0.00708829
0.00721716
0.00736151
0.0075251
0.00771322
0.0079336
0.00819805
0.00852598
0.00895228
0.00954909
0.010504
0.0126048
