Error absoluto |Ax-x|: 8.6736173798840355e-19

real    0m0,305s
user    0m0,289s
sys     0m0,016s
0.8
0.00142362
0.00142934
0.00143512
0.00144095
0.00144683
0.00145276
0.00145875
0.0014648
0.0014709
0.00147706
0.00148328
0.00148956
0.0014959
0.0015023
0.00150876
0.00151529
0.00152187
0.00152853
0.00153525
0.00154203
0.00154888
0.00155581
0.0015628
0.00156986
0.001577
0.00158421
0.00159149
0.00159885
0.00160629
0.0016138
0.0016214
0.00162907
0.00163683
0.00164467
0.0016526
0.00166061
0.00166871
0.0016769
0.00168518
0.00169355
0.00170202
0.00171059
0.00171925
0.00172801
0.00173687
0.00174583
0.0017549
0.00176408
0.00177336
0.00178276
0.00179227
0.00180189
0.00181163
0.00182149
0.00183147
0.00184157
0.00185181
0.00186216
0.00187266
0.00188328
0.00189404
0.00190494
0.00191599
0.00192717
0.00193851
0.00195
0.00196164
0.00197344
0.0019854
0.00199752
0.00200982
0.00202228
0.00203492
0.00204774
0.00206074
0.00207393
0.00208731
0.00210089
0.00211466
0.00212864
0.00214283
0.00215724
0.00217186
0.00218671
0.0022018
0.00221711
0.00223267
0.00224848
0.00226454
0.00228086
0.00229745
0.00231431
0.00233145
0.00234888
0.00236661
0.00238464
0.00240299
0.00242165
0.00244064
0.00245998
0.00247965
0.00249969
0.0025201
0.00254088
0.00256206
0.00258363
0.00260562
0.00262803
0.00265089
0.00267419
0.00269796
0.00272221
0.00274696
0.00277222
0.00279801
0.00282434
0.00285124
0.00287872
0.00290681
0.00293552
0.00296487
0.0029949
0.00302561
0.00305705
0.00308923
0.00312218
0.00315593
0.00319052
0.00322597
0.00326232
0.0032996
0.00333786
0.00337713
0.00341745
0.00345887
0.00350144
0.00354521
0.00359023
0.00363656
0.00368425
0.00373337
0.00378399
0.00383619
0.00389003
0.0039456
0.00400299
0.00406229
0.00412361
0.00418705
0.00425273
0.00432077
0.00439132
0.00446451
0.0045405
0.00461946
0.00470159
0.00478707
0.00487613
0.00496901
0.00506597
0.00516729
0.00527328
0.0053843
0.00550072
0.00562295
0.00575148
0.00588681
0.00602952
0.00618026
0.00633975
0.00650881
0.00668836
0.00687946
0.00708329
0.00730124
0.00753488
0.00778604
0.00805686
0.00834984
0.00866793
0.00901464
0.00939421
0.00981173
0.0102735
0.0107871
0.0113624
0.0120117
0.0127509
0.013601
0.0145901
0.0157573
0.017158
0.0188738
0.0210308
0.0238349
0.0276485
0.0331782
0.0420257
0.058836
0.105905
