Error absoluto |Ax-x|: 6.5052130349130266e-19

real    0m0,286s
user    0m0,282s
sys     0m0,004s
0.7
0.00177957
0.00178583
0.00179214
0.00179851
0.00180493
0.00181141
0.00181795
0.00182454
0.00183119
0.0018379
0.00184467
0.00185151
0.0018584
0.00186536
0.00187238
0.00187946
0.00188661
0.00189383
0.00190111
0.00190846
0.00191589
0.00192338
0.00193094
0.00193858
0.00194629
0.00195407
0.00196193
0.00196987
0.00197789
0.00198599
0.00199416
0.00200242
0.00201077
0.0020192
0.00202771
0.00203631
0.002045
0.00205379
0.00206266
0.00207163
0.00208069
0.00208985
0.00209911
0.00210847
0.00211793
0.0021275
0.00213717
0.00214695
0.00215683
0.00216683
0.00217694
0.00218717
0.00219752
0.00220798
0.00221857
0.00222928
0.00224011
0.00225108
0.00226218
0.00227341
0.00228477
0.00229628
0.00230793
0.00231972
0.00233166
0.00234375
0.00235599
0.00236839
0.00238095
0.00239367
0.00240656
0.00241962
0.00243285
0.00244626
0.00245985
0.00247363
0.00248759
0.00250175
0.00251611
0.00253066
0.00254542
0.0025604
0.00257559
0.00259099
0.00260663
0.0026225
0.0026386
0.00265494
0.00267154
0.00268839
0.00270549
0.00272287
0.00274052
0.00275845
0.00277666
0.00279517
0.00281399
0.00283311
0.00285255
0.00287232
0.00289243
0.00291288
0.00293369
0.00295486
0.0029764
0.00299834
0.00302066
0.0030434
0.00306656
0.00309015
0.00311418
0.00313867
0.00316364
0.00318909
0.00321505
0.00324153
0.00326854
0.00329611
0.00332425
0.00335297
0.00338231
0.00341228
0.0034429
0.0034742
0.0035062
0.00353893
0.0035724
0.00360666
0.00364172
0.00367763
0.00371441
0.00375209
0.00379071
0.00383032
0.00387094
0.00391263
0.00395542
0.00399937
0.00404453
0.00409094
0.00413867
0.00418777
0.00423831
0.00429036
0.00434399
0.00439928
0.0044563
0.00451516
0.00457594
0.00463875
0.00470369
0.00477089
0.00484046
0.00491256
0.00498731
0.00506489
0.00514547
0.00522923
0.00531639
0.00540715
0.00550178
0.00560053
0.0057037
0.00581161
0.00592461
0.0060431
0.00616752
0.00629834
0.00643612
0.00658145
0.00673502
0.00689759
0.00707003
0.00725332
0.00744861
0.00765717
0.0078805
0.00812034
0.00837872
0.00865801
0.00896104
0.00929118
0.00965251
0.01005
0.0104896
0.0109792
0.0115281
0.0121489
0.0128576
0.0136758
0.0146331
0.0157712
0.0171512
0.0188663
0.0210674
0.0240168
0.0282197
0.0348043
0.0469858
0.0798759
