Error absoluto |Ax-x|: 0

real    0m0,286s
user    0m0,286s
sys     0m0,000s
0.9
0.00111302
0.00111806
0.00112314
0.00112827
0.00113345
0.00113868
0.00114396
0.0011493
0.00115469
0.00116013
0.00116562
0.00117117
0.00117678
0.00118244
0.00118816
0.00119395
0.00119979
0.00120569
0.00121165
0.00121767
0.00122376
0.00122991
0.00123613
0.00124242
0.00124877
0.00125519
0.00126169
0.00126825
0.00127489
0.0012816
0.00128838
0.00129524
0.00130218
0.0013092
0.0013163
0.00132348
0.00133074
0.00133809
0.00134552
0.00135304
0.00136065
0.00136835
0.00137615
0.00138404
0.00139202
0.00140011
0.00140829
0.00141657
0.00142496
0.00143345
0.00144205
0.00145076
0.00145959
0.00146852
0.00147757
0.00148675
0.00149604
0.00150545
0.001515
0.00152467
0.00153447
0.0015444
0.00155447
0.00156469
0.00157504
0.00158554
0.00159619
0.00160699
0.00161795
0.00162906
0.00164034
0.00165179
0.0016634
0.00167519
0.00168715
0.0016993
0.00171164
0.00172416
0.00173688
0.0017498
0.00176292
0.00177625
0.0017898
0.00180357
0.00181756
0.00183179
0.00184625
0.00186095
0.00187591
0.00189112
0.00190659
0.00192233
0.00193835
0.00195466
0.00197125
0.00198815
0.00200535
0.00202288
0.00204073
0.00205891
0.00207744
0.00209633
0.00211558
0.00213521
0.00215522
0.00217564
0.00219647
0.00221773
0.00223942
0.00226157
0.00228419
0.00230729
0.00233088
0.002355
0.00237964
0.00240484
0.0024306
0.00245696
0.00248393
0.00251153
0.00253978
0.00256872
0.00259835
0.00262872
0.00265985
0.00269177
0.00272451
0.0027581
0.00279258
0.00282798
0.00286433
0.0029017
0.0029401
0.00297959
0.00302023
0.00306204
0.0031051
0.00314946
0.00319518
0.00324232
0.00329096
0.00334116
0.003393
0.00344658
0.00350197
0.00355927
0.00361859
0.00368004
0.00374374
0.0038098
0.00387838
0.00394961
0.00402367
0.00410072
0.00418095
0.00426457
0.0043518
0.00444288
0.00453809
0.0046377
0.00474205
0.00485148
0.00496639
0.00508719
0.00521437
0.00534846
0.00549003
0.00563976
0.00579838
0.00596672
0.00614572
0.00633645
0.00654012
0.00675812
0.00699206
0.00724377
0.00751542
0.0078095
0.00812898
0.00847736
0.00885884
0.00927847
0.0097424
0.0102582
0.0108352
0.0114853
0.0122236
0.0130699
0.0140501
0.0151997
0.0165677
0.0182244
0.0202747
0.0228814
0.0263136
0.0310501
0.0380364
0.0494473
0.0716986
0.136227
