Error absoluto |Ax-x|: 3.4694469519536142e-18

real    0m0,013s
user    0m0,013s
sys     0m0,000s
0.1
0.0180561
0.0180929
0.0181306
0.0181692
0.0182087
0.0182492
0.0182906
0.0183332
0.0183768
0.0184216
0.0184677
0.0185151
0.0185638
0.0186139
0.0186657
0.018719
0.018774
0.0188309
0.0188898
0.0189507
0.0190139
0.0190794
0.0191476
0.0192185
0.0192924
0.0193696
0.0194503
0.0195349
0.0196237
0.0197171
0.0198157
0.01992
0.0200307
0.0201485
0.0202744
0.0204096
0.0205554
0.0207135
0.0208861
0.021076
0.0212867
0.0215232
0.0217923
0.0221036
0.022472
0.0229214
0.0234945
0.0242776
0.0254915
0.0280406
