Error absoluto |Ax-x|: 1.7347234759768071e-18

real    0m0,040s
user    0m0,038s
sys     0m0,000s
0.7
0.00787135
0.00798379
0.00810022
0.00822087
0.00834597
0.00847579
0.00861063
0.00875081
0.00889665
0.00904855
0.0092069
0.00937215
0.00954479
0.00972537
0.00991448
0.0101128
0.010321
0.0105399
0.0107705
0.0110137
0.0112706
0.0115427
0.0118313
0.012138
0.0124648
0.0128138
0.0131875
0.0135889
0.0140213
0.0144887
0.0149958
0.0155482
0.0161529
0.016818
0.0175538
0.018373
0.0192916
0.0203304
0.0215163
0.0228856
0.0244876
0.0263921
0.0287014
0.0315716
0.0352549
0.0401906
0.047224
0.0582429
0.078628
0.133668
