Error absoluto |Ax-x|: 2.6020852139652106e-18

real    0m0,039s
user    0m0,034s
sys     0m0,005s
0.8
0.00658078
0.00668822
0.00679969
0.00691543
0.0070357
0.00716078
0.00729098
0.00742662
0.00756808
0.00771575
0.00787007
0.0080315
0.00820059
0.0083779
0.00856407
0.00875983
0.00896594
0.00918329
0.00941288
0.00965579
0.00991328
0.0101867
0.0104778
0.0107883
0.0111202
0.011476
0.0118586
0.0122711
0.0127173
0.0132017
0.0137298
0.0143079
0.0149438
0.015647
0.0164294
0.0173056
0.0182945
0.0194203
0.020715
0.0222216
0.0239993
0.0261326
0.0287458
0.0320311
0.0363019
0.0421102
0.0505322
0.0640075
0.0896105
0.161299
