Error absoluto |Ax-x|: 0

real    0m0,036s
user    0m0,036s
sys     0m0,000s
0.4
0.0125393
0.0126417
0.012747
0.0128555
0.0129673
0.0130826
0.0132015
0.0133243
0.0134512
0.0135824
0.0137183
0.013859
0.0140049
0.0141563
0.0143136
0.0144771
0.0146475
0.014825
0.0150103
0.015204
0.0154067
0.0156192
0.0158424
0.0160771
0.0163244
0.0165856
0.016862
0.0171553
0.0174672
0.0177999
0.0181559
0.0185381
0.0189501
0.019396
0.0198808
0.020411
0.0209942
0.0216402
0.0223615
0.0231746
0.0241016
0.0251728
0.0264314
0.0279418
0.0298046
0.032189
0.0354079
0.0401289
0.0481547
0.0674166
