Error absoluto |Ax-x|: 0

real    0m0,041s
user    0m0,028s
sys     0m0,013s
0.9
0.00543842
0.00553831
0.00564216
0.0057502
0.0058627
0.00597996
0.00610227
0.00622999
0.00636349
0.00650318
0.0066495
0.00680295
0.00696408
0.00713347
0.00731181
0.00749983
0.00769835
0.00790831
0.00813073
0.00836678
0.00861778
0.00888523
0.00917083
0.00947652
0.00980456
0.0101575
0.0105384
0.0109508
0.0113988
0.0118873
0.0124222
0.0130107
0.0136612
0.0143844
0.0151936
0.0161052
0.0171405
0.0183272
0.0197017
0.0213136
0.0232319
0.0255551
0.02843
0.0320853
0.0368981
0.0435397
0.0533362
0.069337
0.100539
0.191024
