Error absoluto |Ax-x|: 3.4694469519536142e-18

real    0m0,012s
user    0m0,012s
sys     0m0,000s
0.6
0.00930334
0.00941726
0.00953498
0.0096567
0.00978266
0.00991309
0.0100483
0.0101885
0.010334
0.0104853
0.0106425
0.0108063
0.0109769
0.0111549
0.0113408
0.0115352
0.0117388
0.0119522
0.0121763
0.012412
0.0126602
0.0129222
0.0131991
0.0134924
0.0138038
0.014135
0.0144884
0.0148664
0.0152718
0.0157082
0.0161794
0.0166903
0.0172467
0.0178554
0.018525
0.019266
0.0200916
0.021019
0.0220699
0.0232737
0.0246701
0.0263148
0.0282884
0.0307131
0.0337845
0.0378386
0.0435144
0.0522173
0.0678824
0.108612
