Error absoluto |Ax-x|: 3.4694469519536142e-18

real    0m0,042s
user    0m0,038s
sys     0m0,004s
0.2
0.0161536
0.0162196
0.0162872
0.0163565
0.0164276
0.0165006
0.0165756
0.0166527
0.016732
0.0168136
0.0168977
0.0169843
0.0170737
0.017166
0.0172614
0.01736
0.0174621
0.017568
0.0176778
0.0177918
0.0179104
0.0180339
0.0181628
0.0182973
0.018438
0.0185855
0.0187404
0.0189034
0.0190752
0.0192569
0.0194495
0.0196542
0.0198726
0.0201064
0.0203577
0.0206291
0.0209239
0.0212458
0.0215999
0.0219926
0.0224324
0.0229309
0.0235042
0.0241757
0.0249816
0.0259809
0.0272799
0.0290986
0.0320084
0.0384101
