Error absoluto |Ax-x|: 3.4694469519536142e-18

real    0m0,047s
user    0m0,041s
sys     0m0,005s
0.5
0.0108647
0.0109756
0.0110899
0.0112079
0.0113297
0.0114556
0.0115858
0.0117205
0.01186
0.0120047
0.0121547
0.0123105
0.0124725
0.0126411
0.0128166
0.0129997
0.0131909
0.0133908
0.0136
0.0138194
0.0140497
0.0142919
0.0145471
0.0148165
0.0151015
0.0154035
0.0157244
0.0160662
0.0164314
0.0168226
0.0172432
0.0176969
0.0181885
0.0187235
0.0193086
0.0199522
0.0206648
0.0214596
0.0223537
0.0233698
0.0245383
0.0259015
0.0275204
0.0294861
0.0319433
0.0351376
0.0395298
0.0461181
0.0576476
0.0864714
