Error absoluto |Ax-x|: 3.4694469519536142e-18

real    0m0,043s
user    0m0,041s
sys     0m0,000s
0.3
0.0143087
0.0143963
0.0144863
0.0145787
0.0146738
0.0147716
0.0148723
0.0149761
0.0150831
0.0151934
0.0153074
0.0154251
0.0155469
0.015673
0.0158036
0.015939
0.0160797
0.0162259
0.016378
0.0165365
0.0167018
0.0168746
0.0170554
0.0172449
0.0174439
0.0176532
0.0178739
0.018107
0.0183539
0.0186161
0.0188954
0.0191937
0.0195136
0.019858
0.0202303
0.0206349
0.0210771
0.0215635
0.0221026
0.0227054
0.0233866
0.0241661
0.0250723
0.0261469
0.0274542
0.0291015
0.0312841
0.0344125
0.0395743
0.0514466
